#
# A fatal error has been detected by the Java Runtime Environment:
#
#  EXCEPTION_ACCESS_VIOLATION (0xc0000005) at pc=0x6d2c36f6, pid=5440, tid=2096
#
# JRE version: 6.0_31-b05
# Java VM: Java HotSpot(TM) Client VM (20.6-b01 mixed mode windows-x86 )
# Problematic frame:
# C  [instrument.dll+0x36f6]
#
# If you would like to submit a bug report, please visit:
#   http://java.sun.com/webapps/bugreport/crash.jsp
# The crash happened outside the Java Virtual Machine in native code.
# See problematic frame for where to report the bug.
#

---------------  T H R E A D  ---------------

Current thread (0x0084f400):  JavaThread "main" [_thread_in_native, id=2096, stack(0x008e0000,0x00930000)]

siginfo: ExceptionCode=0xc0000005, reading address 0x00000004

Registers:
EAX=0x00000000, EBX=0x12cec338, ECX=0x0084f528, EDX=0x00940000
ESP=0x0092fc60, EBP=0x0092fc68, ESI=0x12cec338, EDI=0x0084f400
EIP=0x6d2c36f6, EFLAGS=0x00010283

Top of Stack: (sp=0x0092fc60)
0x0092fc60:   0084f528 0084f528 0092fcb8 6d2c1781
0x0092fc70:   0084f528 00000000 0092fcc8 00a69fc7
0x0092fc80:   0084f528 0092fcd4 00000000 00000000
0x0092fc90:   0092fcc8 00a62608 0092fc98 12cec338
0x0092fca0:   0092fcd4 12cecb70 00000000 12cec338
0x0092fcb0:   00000000 0092fcc8 0092fcf8 00a62f03
0x0092fcc0:   00000000 00a682e9 02b80a68 00000000
0x0092fcd0:   00000000 02b80868 0092fcd8 12cebbcc 

Instructions: (pc=0x6d2c36f6)
0x6d2c36d6:   36 2c 6d ff 74 24 10 ff 74 24 10 ff 74 24 10 e8
0x6d2c36e6:   ec fe ff ff 83 c4 10 c3 55 8b ec 51 51 8b 45 0c
0x6d2c36f6:   8b 40 04 83 4d f8 ff 83 4d fc ff 8b 08 56 8d 55
0x6d2c3706:   f8 52 ff 75 10 50 ff 91 64 02 00 00 8b f0 85 f6 


Register to memory mapping:

EAX=0x00000000 is an unknown value
EBX=0x12cec338 is an oop
{method} 
 - klass: {other class}
ECX=0x0084f528 is an unknown value
EDX=0x00940000 is an unknown value
ESP=0x0092fc60 is pointing into the stack for thread: 0x0084f400
EBP=0x0092fc68 is pointing into the stack for thread: 0x0084f400
ESI=0x12cec338 is an oop
{method} 
 - klass: {other class}
EDI=0x0084f400 is a thread


Stack: [0x008e0000,0x00930000],  sp=0x0092fc60,  free space=319k
Native frames: (J=compiled Java code, j=interpreted, Vv=VM code, C=native code)
C  [instrument.dll+0x36f6]
C  [instrument.dll+0x1781]  Java_sun_instrument_InstrumentationImpl_getObjectSize0+0x11
j  sun.instrument.InstrumentationImpl.getObjectSize(Ljava/lang/Object;)J+20
j  test.dlmu.testjava.TestSizeOf.main([Ljava/lang/String;)V+176
v  ~StubRoutines::call_stub
V  [jvm.dll+0xfac3b]
V  [jvm.dll+0x18c3a1]
V  [jvm.dll+0xfacbd]
V  [jvm.dll+0x95776]
V  [jvm.dll+0x9d5b3]
C  [javaw.exe+0x2155]
C  [javaw.exe+0x8614]
C  [kernel32.dll+0xb729]  GetModuleFileNameA+0x1ba

Java frames: (J=compiled Java code, j=interpreted, Vv=VM code)
j  sun.instrument.InstrumentationImpl.getObjectSize0(JLjava/lang/Object;)J+0
j  sun.instrument.InstrumentationImpl.getObjectSize(Ljava/lang/Object;)J+20
j  test.dlmu.testjava.TestSizeOf.main([Ljava/lang/String;)V+176
v  ~StubRoutines::call_stub

---------------  P R O C E S S  ---------------

Java Threads: ( => current thread )
  0x00a03800 JavaThread "Low Memory Detector" daemon [_thread_blocked, id=2272, stack(0x16e00000,0x16e50000)]
  0x00a00c00 JavaThread "C1 CompilerThread0" daemon [_thread_blocked, id=928, stack(0x16db0000,0x16e00000)]
  0x009f5c00 JavaThread "Attach Listener" daemon [_thread_blocked, id=512, stack(0x16d60000,0x16db0000)]
  0x009f7800 JavaThread "Signal Dispatcher" daemon [_thread_blocked, id=5496, stack(0x16d10000,0x16d60000)]
  0x009e3800 JavaThread "Finalizer" daemon [_thread_blocked, id=4124, stack(0x16cc0000,0x16d10000)]
  0x009dec00 JavaThread "Reference Handler" daemon [_thread_blocked, id=3112, stack(0x16c70000,0x16cc0000)]
=>0x0084f400 JavaThread "main" [_thread_in_native, id=2096, stack(0x008e0000,0x00930000)]

Other Threads:
  0x009db000 VMThread [stack: 0x16c20000,0x16c70000] [id=4740]
  0x00a16400 WatcherThread [stack: 0x16e50000,0x16ea0000] [id=3044]

VM state:not at safepoint (normal execution)

VM Mutex/Monitor currently owned by a thread: None

Heap
 def new generation   total 4928K, used 666K [0x02ae0000, 0x03030000, 0x08030000)
  eden space 4416K,  15% used [0x02ae0000, 0x02b86af8, 0x02f30000)
  from space 512K,   0% used [0x02f30000, 0x02f30000, 0x02fb0000)
  to   space 512K,   0% used [0x02fb0000, 0x02fb0000, 0x03030000)
 tenured generation   total 10944K, used 0K [0x08030000, 0x08ae0000, 0x12ae0000)
   the space 10944K,   0% used [0x08030000, 0x08030000, 0x08030200, 0x08ae0000)
 compacting perm gen  total 12288K, used 2107K [0x12ae0000, 0x136e0000, 0x16ae0000)
   the space 12288K,  17% used [0x12ae0000, 0x12ceecc8, 0x12ceee00, 0x136e0000)
No shared spaces configured.

Code Cache  [0x00a60000, 0x00ad8000, 0x02a60000)
 total_blobs=134 nmethods=10 adapters=61 free_code_cache=33080192 largest_free_block=0

Dynamic libraries:
0x00400000 - 0x00425000 	C:\Program Files\Java\jre6\bin\javaw.exe
0x7c920000 - 0x7c9b6000 	C:\WINDOWS\system32\ntdll.dll
0x7c800000 - 0x7c91e000 	C:\WINDOWS\system32\kernel32.dll
0x77da0000 - 0x77e49000 	C:\WINDOWS\system32\ADVAPI32.dll
0x77e50000 - 0x77ee3000 	C:\WINDOWS\system32\RPCRT4.dll
0x77fc0000 - 0x77fd1000 	C:\WINDOWS\system32\Secur32.dll
0x77d10000 - 0x77da0000 	C:\WINDOWS\system32\USER32.dll
0x77ef0000 - 0x77f39000 	C:\WINDOWS\system32\GDI32.dll
0x76300000 - 0x7631d000 	C:\WINDOWS\system32\IMM32.DLL
0x62c20000 - 0x62c29000 	C:\WINDOWS\system32\LPK.DLL
0x73fa0000 - 0x7400b000 	C:\WINDOWS\system32\USP10.dll
0x7c340000 - 0x7c396000 	C:\Program Files\Java\jre6\bin\msvcr71.dll
0x6d7f0000 - 0x6da9f000 	C:\Program Files\Java\jre6\bin\client\jvm.dll
0x76b10000 - 0x76b3a000 	C:\WINDOWS\system32\WINMM.dll
0x6d7a0000 - 0x6d7ac000 	C:\Program Files\Java\jre6\bin\verify.dll
0x6d320000 - 0x6d33f000 	C:\Program Files\Java\jre6\bin\java.dll
0x6d7e0000 - 0x6d7ef000 	C:\Program Files\Java\jre6\bin\zip.dll
0x6d2c0000 - 0x6d2da000 	C:\Program Files\Java\jre6\bin\instrument.dll
0x76bc0000 - 0x76bcb000 	C:\WINDOWS\system32\PSAPI.DLL

VM Arguments:
jvm_args: -Dfile.encoding=UTF-8 -Xbootclasspath:C:\Program Files\Java\jre6\lib\endorsed\jaxb-api-2.2.3.jar;C:\Program Files\Java\jre6\lib\resources.jar;C:\Program Files\Java\jre6\lib\rt.jar;C:\Program Files\Java\jre6\lib\jsse.jar;C:\Program Files\Java\jre6\lib\jce.jar;C:\Program Files\Java\jre6\lib\charsets.jar;C:\Program Files\Java\jre6\lib\jaxb-api-2.2.3.jar 
java_command: test.dlmu.testjava.TestSizeOf
Launcher Type: SUN_STANDARD

Environment Variables:
JAVA_HOME=C:\Program Files\Java\jdk1.6.0_25
CLASSPATH=.;C:\Program Files\Java\jdk1.6.0_25\lib;C:\Program Files\Java\jdk1.6.0_25\lib\tools.jar
PATH=.;C:\Program Files\Java\jdk1.6.0_25\bin;C:\j2sdk1.4.2_06\bin;E:\oracle\product\10.1.0\Db_1\bin;E:\oracle\product\10.1.0\Db_1\jre\1.4.2\bin\client;E:\oracle\product\10.1.0\Db_1\jre\1.4.2\bin;C:\WINDOWS\system32;C:\WINDOWS;C:\WINDOWS\System32\Wbem;C:\apache-maven-3.1.0\bin;C:\apache-ant-1.9.2\bin;E:\cygwin\bin;C:\Python33;D:\MinGW\bin;D:\MinGW\libexec\gcc\mingw32\4.8.1;C:\strawberry\c\bin;C:\strawberry\perl\bin;D:\Program Files\Android\android-sdk\tools;D:\Program Files\Android\android-sdk\platform-tools
USERNAME=Administrator
OS=Windows_NT
PROCESSOR_IDENTIFIER=x86 Family 6 Model 23 Stepping 10, GenuineIntel



---------------  S Y S T E M  ---------------

OS: Windows XP Build 2600 Service Pack 3

CPU:total 2 (2 cores per cpu, 1 threads per core) family 6 model 23 stepping 10, cmov, cx8, fxsr, mmx, sse, sse2, sse3, ssse3, sse4.1

Memory: 4k page, physical 3144936k(770924k free), swap 5072172k(2325492k free)

vm_info: Java HotSpot(TM) Client VM (20.6-b01) for windows-x86 JRE (1.6.0_31-b05), built on Feb  3 2012 18:44:09 by "java_re" with MS VC++ 7.1 (VS2003)

time: Tue Jun 10 14:44:22 2014
elapsed time: 0 seconds

